<?xml version="1.0" encoding="UTF-8"?>
<!-- Generated by org.testng.reporters.JUnitReportReporter -->
<testsuite skipped="0" hostname="CDC2-L-9LBY5M2" name="POMTestCases.POMTestCase" tests="1" failures="0" timestamp="2020-04-29T19:26:40 IST" time="22.268" errors="0">
  <testcase name="verifyvalidLogin" time="22.268" classname="POMTestCases.POMTestCase"/>
  <system-out/>
</testsuite> <!-- POMTestCases.POMTestCase -->
